================================================================================
GAME SESSION LOG - 2025-08-10 16:37:48
================================================================================

[16:37:48.418] WHISPER_FINAL:
  Text: oh

[16:37:48.552] INTENT_REQUEST:
  Command: oh
  Context Summary:
    Active Squads: alpha(4), bravo(20), charlie(7)
    Enemy Count: 31
    Wave: 2

[16:37:57.371] WHISPER_FINAL:
  Text: call

[16:37:57.405] INTENT_REQUEST:
  Command: call
  Context Summary:
    Active Squads: bravo(7)
    Enemy Count: 36
    Wave: 2

[16:38:07.543] WHISPER_FINAL:
  Text: squads

[16:38:07.593] INTENT_REQUEST:
  Command: squads
  Context Summary:
    Active Squads: 
    Enemy Count: 30
    Wave: 3

